<?xml version="1.0" encoding="UTF-8"?>
<Site BuildName="Linux-g++"
	BuildStamp="20240627-0124-Experimental"
	Name="Diane"
	Generator="ctest-3.22.1"
	CompilerName="/usr/bin/g++"
	CompilerVersion="11.4.0"
	OSName="Linux"
	Hostname="Diane"
	OSRelease="5.15.153.1-microsoft-standard-WSL2"
	OSVersion="#1 SMP Fri Mar 29 23:14:13 UTC 2024"
	OSPlatform="x86_64"
	Is64Bits="1"
	VendorString="GenuineIntel"
	VendorID="Intel Corporation"
	FamilyID="6"
	ModelID="186"
	ProcessorCacheSize="12288"
	NumberOfLogicalCPU="16"
	NumberOfPhysicalCPU="8"
	TotalVirtualMemory="4096"
	TotalPhysicalMemory="15814"
	LogicalProcessorsPerPhysical="2"
	ProcessorClockFrequency="2188.8"
	>
	<Testing>
		<StartDateTime>Jun 27 10:13 CST</StartDateTime>
		<StartTestTime>1719454401</StartTestTime>
		<TestList/>
		<EndDateTime>Jun 27 10:13 CST</EndDateTime>
		<EndTestTime>1719454401</EndTestTime>
		<ElapsedMinutes>0</ElapsedMinutes>
	</Testing>
</Site>
